Analysis & Synthesis report for cpu
Wed May 16 01:38:56 2018
Quartus II Version 9.1 Build 222 10/21/2009 SJ Web Edition


---------------------
; Table of Contents ;
---------------------
  1. Legal Notice
  2. Analysis & Synthesis Summary
  3. Analysis & Synthesis Settings
  4. Parallel Compilation
  5. Analysis & Synthesis Source Files Read
  6. Analysis & Synthesis Resource Usage Summary
  7. Analysis & Synthesis Resource Utilization by Entity
  8. Analysis & Synthesis RAM Summary
  9. User-Specified and Inferred Latches
 10. General Register Statistics
 11. Source assignments for lpm_counter4:inst5|lpm_counter:lpm_counter_component
 12. Source assignments for lpm_rom2:inst15|altsyncram:altsyncram_component|altsyncram_jp61:auto_generated
 13. Source assignments for lpm_counter6:inst12|lpm_counter:lpm_counter_component
 14. Source assignments for lpm_ram_dq0:inst19|altsyncram:altsyncram_component|altsyncram_4ub1:auto_generated
 15. Parameter Settings for User Entity Instance: lpm_decode3:inst7|lpm_decode:lpm_decode_component
 16. Parameter Settings for User Entity Instance: lpm_latch5:inst4|lpm_latch:lpm_latch_component
 17. Parameter Settings for User Entity Instance: lpm_counter4:inst5|lpm_counter:lpm_counter_component
 18. Parameter Settings for User Entity Instance: lpm_rom2:inst15|altsyncram:altsyncram_component
 19. Parameter Settings for User Entity Instance: lpm_counter6:inst12|lpm_counter:lpm_counter_component
 20. Parameter Settings for User Entity Instance: lpm_latch6:inst2|lpm_latch:lpm_latch_component
 21. Parameter Settings for User Entity Instance: lpm_latch6:inst6|lpm_latch:lpm_latch_component
 22. Parameter Settings for User Entity Instance: lpm_latch6:inst10|lpm_latch:lpm_latch_component
 23. Parameter Settings for User Entity Instance: lpm_ram_dq0:inst19|altsyncram:altsyncram_component
 24. Parameter Settings for User Entity Instance: RON:inst20|lpm_latch0:inst4|lpm_latch:lpm_latch_component
 25. Parameter Settings for User Entity Instance: RON:inst20|lpm_decode0:inst2|lpm_decode:lpm_decode_component
 26. Parameter Settings for User Entity Instance: RON:inst20|lpm_latch0:inst8|lpm_latch:lpm_latch_component
 27. Parameter Settings for User Entity Instance: RON:inst20|lpm_latch0:inst12|lpm_latch:lpm_latch_component
 28. Parameter Settings for User Entity Instance: RON:inst20|lpm_latch0:inst16|lpm_latch:lpm_latch_component
 29. altsyncram Parameter Settings by Entity Instance
 30. Analysis & Synthesis Messages



----------------
; Legal Notice ;
----------------
Copyright (C) 1991-2009 Altera Corporation
Your use of Altera Corporation's design tools, logic functions 
and other software and tools, and its AMPP partner logic 
functions, and any output files from any of the foregoing 
(including device programming or simulation files), and any 
associated documentation or information are expressly subject 
to the terms and conditions of the Altera Program License 
Subscription Agreement, Altera MegaCore Function License 
Agreement, or other applicable license agreement, including, 
without limitation, that your use is for the sole purpose of 
programming logic devices manufactured by Altera and sold by 
Altera or its authorized distributors.  Please refer to the 
applicable agreement for further details.



+-------------------------------------------------------------------------+
; Analysis & Synthesis Summary                                            ;
+-------------------------------+-----------------------------------------+
; Analysis & Synthesis Status   ; Successful - Wed May 16 01:38:56 2018   ;
; Quartus II Version            ; 9.1 Build 222 10/21/2009 SJ Web Edition ;
; Revision Name                 ; cpu                                     ;
; Top-level Entity Name         ; CU                                      ;
; Family                        ; Stratix II                              ;
; Logic utilization             ; N/A                                     ;
;     Combinational ALUTs       ; 57                                      ;
;     Dedicated logic registers ; 12                                      ;
; Total registers               ; 12                                      ;
; Total pins                    ; 58                                      ;
; Total virtual pins            ; 0                                       ;
; Total block memory bits       ; 2,048                                   ;
; DSP block 9-bit elements      ; 0                                       ;
; Total PLLs                    ; 0                                       ;
; Total DLLs                    ; 0                                       ;
+-------------------------------+-----------------------------------------+


+----------------------------------------------------------------------------------------------------------------------+
; Analysis & Synthesis Settings                                                                                        ;
+----------------------------------------------------------------------------+--------------------+--------------------+
; Option                                                                     ; Setting            ; Default Value      ;
+----------------------------------------------------------------------------+--------------------+--------------------+
; Top-level entity name                                                      ; CU                 ; cpu                ;
; Family name                                                                ; Stratix II         ; Stratix II         ;
; Use Generated Physical Constraints File                                    ; Off                ;                    ;
; Use smart compilation                                                      ; Off                ; Off                ;
; Enable parallel Assembler and TimeQuest Timing Analyzer during compilation ; On                 ; On                 ;
; Enable compact report table                                                ; Off                ; Off                ;
; Restructure Multiplexers                                                   ; Auto               ; Auto               ;
; Create Debugging Nodes for IP Cores                                        ; Off                ; Off                ;
; Preserve fewer node names                                                  ; On                 ; On                 ;
; Disable OpenCore Plus hardware evaluation                                  ; Off                ; Off                ;
; Verilog Version                                                            ; Verilog_2001       ; Verilog_2001       ;
; VHDL Version                                                               ; VHDL_1993          ; VHDL_1993          ;
; State Machine Processing                                                   ; Auto               ; Auto               ;
; Safe State Machine                                                         ; Off                ; Off                ;
; Extract Verilog State Machines                                             ; On                 ; On                 ;
; Extract VHDL State Machines                                                ; On                 ; On                 ;
; Ignore Verilog initial constructs                                          ; Off                ; Off                ;
; Iteration limit for constant Verilog loops                                 ; 5000               ; 5000               ;
; Iteration limit for non-constant Verilog loops                             ; 250                ; 250                ;
; Add Pass-Through Logic to Inferred RAMs                                    ; On                 ; On                 ;
; Parallel Synthesis                                                         ; Off                ; Off                ;
; DSP Block Balancing                                                        ; Auto               ; Auto               ;
; NOT Gate Push-Back                                                         ; On                 ; On                 ;
; Power-Up Don't Care                                                        ; On                 ; On                 ;
; Remove Redundant Logic Cells                                               ; Off                ; Off                ;
; Remove Duplicate Registers                                                 ; On                 ; On                 ;
; Ignore CARRY Buffers                                                       ; Off                ; Off                ;
; Ignore CASCADE Buffers                                                     ; Off                ; Off                ;
; Ignore GLOBAL Buffers                                                      ; Off                ; Off                ;
; Ignore ROW GLOBAL Buffers                                                  ; Off                ; Off                ;
; Ignore LCELL Buffers                                                       ; Off                ; Off                ;
; Ignore SOFT Buffers                                                        ; On                 ; On                 ;
; Limit AHDL Integers to 32 Bits                                             ; Off                ; Off                ;
; Optimization Technique                                                     ; Balanced           ; Balanced           ;
; Carry Chain Length                                                         ; 70                 ; 70                 ;
; Auto Carry Chains                                                          ; On                 ; On                 ;
; Auto Open-Drain Pins                                                       ; On                 ; On                 ;
; Perform WYSIWYG Primitive Resynthesis                                      ; Off                ; Off                ;
; Auto ROM Replacement                                                       ; On                 ; On                 ;
; Auto RAM Replacement                                                       ; On                 ; On                 ;
; Auto DSP Block Replacement                                                 ; On                 ; On                 ;
; Auto Shift Register Replacement                                            ; Auto               ; Auto               ;
; Auto Clock Enable Replacement                                              ; On                 ; On                 ;
; Strict RAM Replacement                                                     ; Off                ; Off                ;
; Allow Synchronous Control Signals                                          ; On                 ; On                 ;
; Force Use of Synchronous Clear Signals                                     ; Off                ; Off                ;
; Auto RAM Block Balancing                                                   ; On                 ; On                 ;
; Auto RAM to Logic Cell Conversion                                          ; Off                ; Off                ;
; Auto Resource Sharing                                                      ; Off                ; Off                ;
; Allow Any RAM Size For Recognition                                         ; Off                ; Off                ;
; Allow Any ROM Size For Recognition                                         ; Off                ; Off                ;
; Allow Any Shift Register Size For Recognition                              ; Off                ; Off                ;
; Use LogicLock Constraints during Resource Balancing                        ; On                 ; On                 ;
; Ignore translate_off and synthesis_off directives                          ; Off                ; Off                ;
; Timing-Driven Synthesis                                                    ; Off                ; Off                ;
; Show Parameter Settings Tables in Synthesis Report                         ; On                 ; On                 ;
; Ignore Maximum Fan-Out Assignments                                         ; Off                ; Off                ;
; Synchronization Register Chain Length                                      ; 2                  ; 2                  ;
; PowerPlay Power Optimization                                               ; Normal compilation ; Normal compilation ;
; HDL message level                                                          ; Level2             ; Level2             ;
; Suppress Register Optimization Related Messages                            ; Off                ; Off                ;
; Number of Removed Registers Reported in Synthesis Report                   ; 100                ; 100                ;
; Number of Inverted Registers Reported in Synthesis Report                  ; 100                ; 100                ;
; Clock MUX Protection                                                       ; On                 ; On                 ;
; Auto Gated Clock Conversion                                                ; Off                ; Off                ;
; Block Design Naming                                                        ; Auto               ; Auto               ;
; SDC constraint protection                                                  ; Off                ; Off                ;
; Synthesis Effort                                                           ; Auto               ; Auto               ;
; Shift Register Replacement - Allow Asynchronous Clear Signal               ; On                 ; On                 ;
; Analysis & Synthesis Message Level                                         ; Medium             ; Medium             ;
; Disable Register Merging Across Hierarchies                                ; Auto               ; Auto               ;
; Resource Aware Inference For Block RAM                                     ; On                 ; On                 ;
+----------------------------------------------------------------------------+--------------------+--------------------+


Parallel compilation was disabled, but you have multiple processors available. Enable parallel compilation to reduce compilation time.
+-------------------------------------+
; Parallel Compilation                ;
+----------------------------+--------+
; Processors                 ; Number ;
+----------------------------+--------+
; Number detected on machine ; 2      ;
; Maximum allowed            ; 1      ;
+----------------------------+--------+


+--------------------------------------------------------------------------------------------------------------------------------------------------------------+
; Analysis & Synthesis Source Files Read                                                                                                                       ;
+----------------------------------+-----------------+----------------------------------------+----------------------------------------------------------------+
; File Name with User-Entered Path ; Used in Netlist ; File Type                              ; File Name with Absolute Path                                   ;
+----------------------------------+-----------------+----------------------------------------+----------------------------------------------------------------+
; RON.bdf                          ; yes             ; User Block Diagram/Schematic File      ; C:/Users/narey/Desktop/сифо/SIFOkursach/RON.bdf                ;
; lpm_decode0.vhd                  ; yes             ; User Wizard-Generated File             ; C:/Users/narey/Desktop/сифо/SIFOkursach/lpm_decode0.vhd        ;
; lpm_latch0.vhd                   ; yes             ; User Wizard-Generated File             ; C:/Users/narey/Desktop/сифо/SIFOkursach/lpm_latch0.vhd         ;
; CU.bdf                           ; yes             ; User Block Diagram/Schematic File      ; C:/Users/narey/Desktop/сифо/SIFOkursach/CU.bdf                 ;
; lpm_counter4.vhd                 ; yes             ; User Wizard-Generated File             ; C:/Users/narey/Desktop/сифо/SIFOkursach/lpm_counter4.vhd       ;
; lpm_latch5.vhd                   ; yes             ; User Wizard-Generated File             ; C:/Users/narey/Desktop/сифо/SIFOkursach/lpm_latch5.vhd         ;
; lpm_decode3.vhd                  ; yes             ; User Wizard-Generated File             ; C:/Users/narey/Desktop/сифо/SIFOkursach/lpm_decode3.vhd        ;
; lpm_latch6.vhd                   ; yes             ; User Wizard-Generated File             ; C:/Users/narey/Desktop/сифо/SIFOkursach/lpm_latch6.vhd         ;
; lpm_counter6.vhd                 ; yes             ; User Wizard-Generated File             ; C:/Users/narey/Desktop/сифо/SIFOkursach/lpm_counter6.vhd       ;
; RAM.hex                          ; yes             ; User Hexadecimal (Intel-Format) File   ; C:/Users/narey/Desktop/сифо/SIFOkursach/RAM.hex                ;
; lpm_rom2.vhd                     ; yes             ; User Wizard-Generated File             ; C:/Users/narey/Desktop/сифо/SIFOkursach/lpm_rom2.vhd           ;
; lpm_ram_dq0.vhd                  ; yes             ; User Wizard-Generated File             ; C:/Users/narey/Desktop/сифо/SIFOkursach/lpm_ram_dq0.vhd        ;
; lpm_decode.tdf                   ; yes             ; Megafunction                           ; c:/altera/91/quartus/libraries/megafunctions/lpm_decode.tdf    ;
; db/decode_8bf.tdf                ; yes             ; Auto-Generated Megafunction            ; C:/Users/narey/Desktop/сифо/SIFOkursach/db/decode_8bf.tdf      ;
; lpm_latch.tdf                    ; yes             ; Megafunction                           ; c:/altera/91/quartus/libraries/megafunctions/lpm_latch.tdf     ;
; 16dmux.bdf                       ; yes             ; Megafunction                           ; c:/altera/91/quartus/libraries/others/maxplus2/16dmux.bdf      ;
; lpm_counter.tdf                  ; yes             ; Megafunction                           ; c:/altera/91/quartus/libraries/megafunctions/lpm_counter.tdf   ;
; db/cntr_qoi.tdf                  ; yes             ; Auto-Generated Megafunction            ; C:/Users/narey/Desktop/сифо/SIFOkursach/db/cntr_qoi.tdf        ;
; altsyncram.tdf                   ; yes             ; Megafunction                           ; c:/altera/91/quartus/libraries/megafunctions/altsyncram.tdf    ;
; db/altsyncram_jp61.tdf           ; yes             ; Auto-Generated Megafunction            ; C:/Users/narey/Desktop/сифо/SIFOkursach/db/altsyncram_jp61.tdf ;
; rom.hex                          ; yes             ; Auto-Found Memory Initialization File  ; C:/Users/narey/Desktop/сифо/SIFOkursach/rom.hex                ;
; db/cntr_n9j.tdf                  ; yes             ; Auto-Generated Megafunction            ; C:/Users/narey/Desktop/сифо/SIFOkursach/db/cntr_n9j.tdf        ;
; db/altsyncram_4ub1.tdf           ; yes             ; Auto-Generated Megafunction            ; C:/Users/narey/Desktop/сифо/SIFOkursach/db/altsyncram_4ub1.tdf ;
; db/decode_p7f.tdf                ; yes             ; Auto-Generated Megafunction            ; C:/Users/narey/Desktop/сифо/SIFOkursach/db/decode_p7f.tdf      ;
+----------------------------------+-----------------+----------------------------------------+----------------------------------------------------------------+


+-------------------------------------------------------+
; Analysis & Synthesis Resource Usage Summary           ;
+-----------------------------------------------+-------+
; Resource                                      ; Usage ;
+-----------------------------------------------+-------+
; Estimated ALUTs Used                          ; 57    ;
; Dedicated logic registers                     ; 12    ;
;                                               ;       ;
; Estimated ALUTs Unavailable                   ; 1     ;
;                                               ;       ;
; Total combinational functions                 ; 57    ;
; Combinational ALUT usage by number of inputs  ;       ;
;     -- 7 input functions                      ; 0     ;
;     -- 6 input functions                      ; 1     ;
;     -- 5 input functions                      ; 1     ;
;     -- 4 input functions                      ; 18    ;
;     -- <=3 input functions                    ; 37    ;
;                                               ;       ;
; Combinational ALUTs by mode                   ;       ;
;     -- normal mode                            ; 45    ;
;     -- extended LUT mode                      ; 0     ;
;     -- arithmetic mode                        ; 12    ;
;     -- shared arithmetic mode                 ; 0     ;
;                                               ;       ;
; Estimated ALUT/register pairs used            ; 58    ;
;                                               ;       ;
; Total registers                               ; 12    ;
;     -- Dedicated logic registers              ; 12    ;
;     -- I/O registers                          ; 0     ;
;                                               ;       ;
; Estimated ALMs:  partially or completely used ; 29    ;
;                                               ;       ;
; I/O pins                                      ; 58    ;
; Total block memory bits                       ; 2048  ;
; Maximum fan-out node                          ; clk   ;
; Maximum fan-out                               ; 20    ;
; Total fan-out                                 ; 348   ;
; Average fan-out                               ; 2.58  ;
+-----------------------------------------------+-------+


+-----------------------------------------------------------------------------------------------------------------------------------------------------------------------------------------------------------------------------------------------------------------------------+
; Analysis & Synthesis Resource Utilization by Entity                                                                                                                                                                                                                         ;
+-------------------------------------------+-------------------+--------------+-------------------+--------------+---------+-----------+-----------+------+--------------+------------------------------------------------------------------------------------+--------------+
; Compilation Hierarchy Node                ; LC Combinationals ; LC Registers ; Block Memory Bits ; DSP Elements ; DSP 9x9 ; DSP 18x18 ; DSP 36x36 ; Pins ; Virtual Pins ; Full Hierarchy Name                                                                ; Library Name ;
+-------------------------------------------+-------------------+--------------+-------------------+--------------+---------+-----------+-----------+------+--------------+------------------------------------------------------------------------------------+--------------+
; |CU                                       ; 57 (3)            ; 12 (0)       ; 2048              ; 0            ; 0       ; 0         ; 0         ; 58   ; 0            ; |CU                                                                                ; work         ;
;    |16dmux:inst1|                         ; 16 (16)           ; 0 (0)        ; 0                 ; 0            ; 0       ; 0         ; 0         ; 0    ; 0            ; |CU|16dmux:inst1                                                                   ; work         ;
;    |lpm_counter4:inst5|                   ; 4 (0)             ; 4 (0)        ; 0                 ; 0            ; 0       ; 0         ; 0         ; 0    ; 0            ; |CU|lpm_counter4:inst5                                                             ; work         ;
;       |lpm_counter:lpm_counter_component| ; 4 (0)             ; 4 (0)        ; 0                 ; 0            ; 0       ; 0         ; 0         ; 0    ; 0            ; |CU|lpm_counter4:inst5|lpm_counter:lpm_counter_component                           ; work         ;
;          |cntr_qoi:auto_generated|        ; 4 (4)             ; 4 (4)        ; 0                 ; 0            ; 0       ; 0         ; 0         ; 0    ; 0            ; |CU|lpm_counter4:inst5|lpm_counter:lpm_counter_component|cntr_qoi:auto_generated   ; work         ;
;    |lpm_counter6:inst12|                  ; 8 (0)             ; 8 (0)        ; 0                 ; 0            ; 0       ; 0         ; 0         ; 0    ; 0            ; |CU|lpm_counter6:inst12                                                            ; work         ;
;       |lpm_counter:lpm_counter_component| ; 8 (0)             ; 8 (0)        ; 0                 ; 0            ; 0       ; 0         ; 0         ; 0    ; 0            ; |CU|lpm_counter6:inst12|lpm_counter:lpm_counter_component                          ;              ;
;          |cntr_n9j:auto_generated|        ; 8 (8)             ; 8 (8)        ; 0                 ; 0            ; 0       ; 0         ; 0         ; 0    ; 0            ; |CU|lpm_counter6:inst12|lpm_counter:lpm_counter_component|cntr_n9j:auto_generated  ;              ;
;    |lpm_decode3:inst7|                    ; 2 (0)             ; 0 (0)        ; 0                 ; 0            ; 0       ; 0         ; 0         ; 0    ; 0            ; |CU|lpm_decode3:inst7                                                              ;              ;
;       |lpm_decode:lpm_decode_component|   ; 2 (0)             ; 0 (0)        ; 0                 ; 0            ; 0       ; 0         ; 0         ; 0    ; 0            ; |CU|lpm_decode3:inst7|lpm_decode:lpm_decode_component                              ; work         ;
;          |decode_8bf:auto_generated|      ; 2 (2)             ; 0 (0)        ; 0                 ; 0            ; 0       ; 0         ; 0         ; 0    ; 0            ; |CU|lpm_decode3:inst7|lpm_decode:lpm_decode_component|decode_8bf:auto_generated    ; work         ;
;    |lpm_latch5:inst4|                     ; 8 (0)             ; 0 (0)        ; 0                 ; 0            ; 0       ; 0         ; 0         ; 0    ; 0            ; |CU|lpm_latch5:inst4                                                               ; work         ;
;       |lpm_latch:lpm_latch_component|     ; 8 (8)             ; 0 (0)        ; 0                 ; 0            ; 0       ; 0         ; 0         ; 0    ; 0            ; |CU|lpm_latch5:inst4|lpm_latch:lpm_latch_component                                 ; work         ;
;    |lpm_latch6:inst2|                     ; 8 (0)             ; 0 (0)        ; 0                 ; 0            ; 0       ; 0         ; 0         ; 0    ; 0            ; |CU|lpm_latch6:inst2                                                               ;              ;
;       |lpm_latch:lpm_latch_component|     ; 8 (8)             ; 0 (0)        ; 0                 ; 0            ; 0       ; 0         ; 0         ; 0    ; 0            ; |CU|lpm_latch6:inst2|lpm_latch:lpm_latch_component                                 ;              ;
;    |lpm_latch6:inst6|                     ; 8 (0)             ; 0 (0)        ; 0                 ; 0            ; 0       ; 0         ; 0         ; 0    ; 0            ; |CU|lpm_latch6:inst6                                                               ;              ;
;       |lpm_latch:lpm_latch_component|     ; 8 (8)             ; 0 (0)        ; 0                 ; 0            ; 0       ; 0         ; 0         ; 0    ; 0            ; |CU|lpm_latch6:inst6|lpm_latch:lpm_latch_component                                 ;              ;
;    |lpm_rom2:inst15|                      ; 0 (0)             ; 0 (0)        ; 2048              ; 0            ; 0       ; 0         ; 0         ; 0    ; 0            ; |CU|lpm_rom2:inst15                                                                ; work         ;
;       |altsyncram:altsyncram_component|   ; 0 (0)             ; 0 (0)        ; 2048              ; 0            ; 0       ; 0         ; 0         ; 0    ; 0            ; |CU|lpm_rom2:inst15|altsyncram:altsyncram_component                                ; work         ;
;          |altsyncram_jp61:auto_generated| ; 0 (0)             ; 0 (0)        ; 2048              ; 0            ; 0       ; 0         ; 0         ; 0    ; 0            ; |CU|lpm_rom2:inst15|altsyncram:altsyncram_component|altsyncram_jp61:auto_generated ; work         ;
+-------------------------------------------+-------------------+--------------+-------------------+--------------+---------+-----------+-----------+------+--------------+------------------------------------------------------------------------------------+--------------+
Note: For table entries with two numbers listed, the numbers in parentheses indicate the number of resources of the given type used by the specific entity alone. The numbers listed outside of parentheses indicate the total resources of the given type used by the specific entity and all of its sub-entities in the hierarchy.


+--------------------------------------------------------------------------------------------------------------------------------------------------------------------------------------+
; Analysis & Synthesis RAM Summary                                                                                                                                                     ;
+-------------------------------------------------------------------------------------------+------+------+--------------+--------------+--------------+--------------+------+---------+
; Name                                                                                      ; Type ; Mode ; Port A Depth ; Port A Width ; Port B Depth ; Port B Width ; Size ; MIF     ;
+-------------------------------------------------------------------------------------------+------+------+--------------+--------------+--------------+--------------+------+---------+
; lpm_rom2:inst15|altsyncram:altsyncram_component|altsyncram_jp61:auto_generated|ALTSYNCRAM ; AUTO ; ROM  ; 256          ; 8            ; --           ; --           ; 2048 ; ROM.hex ;
+-------------------------------------------------------------------------------------------+------+------+--------------+--------------+--------------+--------------+------+---------+


+----------------------------------------------------------------------------------------------------------+
; User-Specified and Inferred Latches                                                                      ;
+-----------------------------------------------------------+---------------------+------------------------+
; Latch Name                                                ; Latch Enable Signal ; Free of Timing Hazards ;
+-----------------------------------------------------------+---------------------+------------------------+
; lpm_latch5:inst4|lpm_latch:lpm_latch_component|latches[7] ; 16dmux:inst1|33     ; yes                    ;
; lpm_latch5:inst4|lpm_latch:lpm_latch_component|latches[6] ; 16dmux:inst1|33     ; yes                    ;
; lpm_latch5:inst4|lpm_latch:lpm_latch_component|latches[5] ; 16dmux:inst1|33     ; yes                    ;
; lpm_latch5:inst4|lpm_latch:lpm_latch_component|latches[4] ; 16dmux:inst1|33     ; yes                    ;
; lpm_latch5:inst4|lpm_latch:lpm_latch_component|latches[3] ; 16dmux:inst1|33     ; yes                    ;
; lpm_latch5:inst4|lpm_latch:lpm_latch_component|latches[2] ; 16dmux:inst1|33     ; yes                    ;
; lpm_latch5:inst4|lpm_latch:lpm_latch_component|latches[1] ; 16dmux:inst1|33     ; yes                    ;
; lpm_latch5:inst4|lpm_latch:lpm_latch_component|latches[0] ; 16dmux:inst1|33     ; yes                    ;
; lpm_latch6:inst2|lpm_latch:lpm_latch_component|latches[7] ; inst9               ; yes                    ;
; lpm_latch6:inst2|lpm_latch:lpm_latch_component|latches[6] ; inst9               ; yes                    ;
; lpm_latch6:inst2|lpm_latch:lpm_latch_component|latches[5] ; inst9               ; yes                    ;
; lpm_latch6:inst2|lpm_latch:lpm_latch_component|latches[4] ; inst9               ; yes                    ;
; lpm_latch6:inst2|lpm_latch:lpm_latch_component|latches[3] ; inst9               ; yes                    ;
; lpm_latch6:inst2|lpm_latch:lpm_latch_component|latches[2] ; inst9               ; yes                    ;
; lpm_latch6:inst2|lpm_latch:lpm_latch_component|latches[1] ; inst9               ; yes                    ;
; lpm_latch6:inst2|lpm_latch:lpm_latch_component|latches[0] ; inst9               ; yes                    ;
; lpm_latch6:inst6|lpm_latch:lpm_latch_component|latches[7] ; inst13              ; yes                    ;
; lpm_latch6:inst6|lpm_latch:lpm_latch_component|latches[6] ; inst13              ; yes                    ;
; lpm_latch6:inst6|lpm_latch:lpm_latch_component|latches[5] ; inst13              ; yes                    ;
; lpm_latch6:inst6|lpm_latch:lpm_latch_component|latches[4] ; inst13              ; yes                    ;
; lpm_latch6:inst6|lpm_latch:lpm_latch_component|latches[3] ; inst13              ; yes                    ;
; lpm_latch6:inst6|lpm_latch:lpm_latch_component|latches[2] ; inst13              ; yes                    ;
; lpm_latch6:inst6|lpm_latch:lpm_latch_component|latches[1] ; inst13              ; yes                    ;
; lpm_latch6:inst6|lpm_latch:lpm_latch_component|latches[0] ; inst13              ; yes                    ;
; Number of user-specified and inferred latches = 24        ;                     ;                        ;
+-----------------------------------------------------------+---------------------+------------------------+
Note: All latches listed above may not be present at the end of synthesis due to various synthesis optimizations.


+------------------------------------------------------+
; General Register Statistics                          ;
+----------------------------------------------+-------+
; Statistic                                    ; Value ;
+----------------------------------------------+-------+
; Total registers                              ; 12    ;
; Number of registers using Synchronous Clear  ; 0     ;
; Number of registers using Synchronous Load   ; 0     ;
; Number of registers using Asynchronous Clear ; 0     ;
; Number of registers using Asynchronous Load  ; 0     ;
; Number of registers using Clock Enable       ; 12    ;
; Number of registers using Preset             ; 0     ;
+----------------------------------------------+-------+


+-----------------------------------------------------------------------------+
; Source assignments for lpm_counter4:inst5|lpm_counter:lpm_counter_component ;
+---------------------------+-------+------+----------------------------------+
; Assignment                ; Value ; From ; To                               ;
+---------------------------+-------+------+----------------------------------+
; SUPPRESS_DA_RULE_INTERNAL ; a101  ; -    ; -                                ;
; SUPPRESS_DA_RULE_INTERNAL ; s102  ; -    ; -                                ;
; SUPPRESS_DA_RULE_INTERNAL ; s103  ; -    ; -                                ;
+---------------------------+-------+------+----------------------------------+


+-------------------------------------------------------------------------------------------------------+
; Source assignments for lpm_rom2:inst15|altsyncram:altsyncram_component|altsyncram_jp61:auto_generated ;
+---------------------------------+--------------------+------+-----------------------------------------+
; Assignment                      ; Value              ; From ; To                                      ;
+---------------------------------+--------------------+------+-----------------------------------------+
; OPTIMIZE_POWER_DURING_SYNTHESIS ; NORMAL_COMPILATION ; -    ; -                                       ;
+---------------------------------+--------------------+------+-----------------------------------------+


+------------------------------------------------------------------------------+
; Source assignments for lpm_counter6:inst12|lpm_counter:lpm_counter_component ;
+---------------------------+-------+------+-----------------------------------+
; Assignment                ; Value ; From ; To                                ;
+---------------------------+-------+------+-----------------------------------+
; SUPPRESS_DA_RULE_INTERNAL ; a101  ; -    ; -                                 ;
; SUPPRESS_DA_RULE_INTERNAL ; s102  ; -    ; -                                 ;
; SUPPRESS_DA_RULE_INTERNAL ; s103  ; -    ; -                                 ;
+---------------------------+-------+------+-----------------------------------+


+----------------------------------------------------------------------------------------------------------+
; Source assignments for lpm_ram_dq0:inst19|altsyncram:altsyncram_component|altsyncram_4ub1:auto_generated ;
+---------------------------------+--------------------+------+--------------------------------------------+
; Assignment                      ; Value              ; From ; To                                         ;
+---------------------------------+--------------------+------+--------------------------------------------+
; OPTIMIZE_POWER_DURING_SYNTHESIS ; NORMAL_COMPILATION ; -    ; -                                          ;
+---------------------------------+--------------------+------+--------------------------------------------+


+------------------------------------------------------------------------------------------------+
; Parameter Settings for User Entity Instance: lpm_decode3:inst7|lpm_decode:lpm_decode_component ;
+------------------------+------------+----------------------------------------------------------+
; Parameter Name         ; Value      ; Type                                                     ;
+------------------------+------------+----------------------------------------------------------+
; LPM_WIDTH              ; 8          ; Signed Integer                                           ;
; LPM_DECODES            ; 256        ; Signed Integer                                           ;
; LPM_PIPELINE           ; 0          ; Untyped                                                  ;
; CASCADE_CHAIN          ; MANUAL     ; Untyped                                                  ;
; DEVICE_FAMILY          ; Stratix II ; Untyped                                                  ;
; CBXI_PARAMETER         ; decode_8bf ; Untyped                                                  ;
; AUTO_CARRY_CHAINS      ; ON         ; AUTO_CARRY                                               ;
; IGNORE_CARRY_BUFFERS   ; OFF        ; IGNORE_CARRY                                             ;
; AUTO_CASCADE_CHAINS    ; ON         ; AUTO_CASCADE                                             ;
; IGNORE_CASCADE_BUFFERS ; OFF        ; IGNORE_CASCADE                                           ;
+------------------------+------------+----------------------------------------------------------+
Note: In order to hide this table in the UI and the text report file, please set the "Show Parameter Settings Tables in Synthesis Report" option in "Analysis and Synthesis Settings -> More Settings" to "Off".


+---------------------------------------------------------------------------------------------+
; Parameter Settings for User Entity Instance: lpm_latch5:inst4|lpm_latch:lpm_latch_component ;
+----------------+--------+-------------------------------------------------------------------+
; Parameter Name ; Value  ; Type                                                              ;
+----------------+--------+-------------------------------------------------------------------+
; LPM_WIDTH      ; 8      ; Signed Integer                                                    ;
; LPM_AVALUE     ; UNUSED ; Untyped                                                           ;
+----------------+--------+-------------------------------------------------------------------+
Note: In order to hide this table in the UI and the text report file, please set the "Show Parameter Settings Tables in Synthesis Report" option in "Analysis and Synthesis Settings -> More Settings" to "Off".


+---------------------------------------------------------------------------------------------------+
; Parameter Settings for User Entity Instance: lpm_counter4:inst5|lpm_counter:lpm_counter_component ;
+------------------------+-------------+------------------------------------------------------------+
; Parameter Name         ; Value       ; Type                                                       ;
+------------------------+-------------+------------------------------------------------------------+
; AUTO_CARRY_CHAINS      ; ON          ; AUTO_CARRY                                                 ;
; IGNORE_CARRY_BUFFERS   ; OFF         ; IGNORE_CARRY                                               ;
; AUTO_CASCADE_CHAINS    ; ON          ; AUTO_CASCADE                                               ;
; IGNORE_CASCADE_BUFFERS ; OFF         ; IGNORE_CASCADE                                             ;
; LPM_WIDTH              ; 4           ; Signed Integer                                             ;
; LPM_DIRECTION          ; UP          ; Untyped                                                    ;
; LPM_MODULUS            ; 0           ; Untyped                                                    ;
; LPM_AVALUE             ; UNUSED      ; Untyped                                                    ;
; LPM_SVALUE             ; UNUSED      ; Untyped                                                    ;
; LPM_PORT_UPDOWN        ; PORT_UNUSED ; Untyped                                                    ;
; DEVICE_FAMILY          ; Stratix II  ; Untyped                                                    ;
; CARRY_CHAIN            ; MANUAL      ; Untyped                                                    ;
; CARRY_CHAIN_LENGTH     ; 48          ; CARRY_CHAIN_LENGTH                                         ;
; NOT_GATE_PUSH_BACK     ; ON          ; NOT_GATE_PUSH_BACK                                         ;
; CARRY_CNT_EN           ; SMART       ; Untyped                                                    ;
; LABWIDE_SCLR           ; ON          ; Untyped                                                    ;
; USE_NEW_VERSION        ; TRUE        ; Untyped                                                    ;
; CBXI_PARAMETER         ; cntr_qoi    ; Untyped                                                    ;
+------------------------+-------------+------------------------------------------------------------+
Note: In order to hide this table in the UI and the text report file, please set the "Show Parameter Settings Tables in Synthesis Report" option in "Analysis and Synthesis Settings -> More Settings" to "Off".


+----------------------------------------------------------------------------------------------+
; Parameter Settings for User Entity Instance: lpm_rom2:inst15|altsyncram:altsyncram_component ;
+------------------------------------+----------------------+----------------------------------+
; Parameter Name                     ; Value                ; Type                             ;
+------------------------------------+----------------------+----------------------------------+
; BYTE_SIZE_BLOCK                    ; 8                    ; Untyped                          ;
; AUTO_CARRY_CHAINS                  ; ON                   ; AUTO_CARRY                       ;
; IGNORE_CARRY_BUFFERS               ; OFF                  ; IGNORE_CARRY                     ;
; AUTO_CASCADE_CHAINS                ; ON                   ; AUTO_CASCADE                     ;
; IGNORE_CASCADE_BUFFERS             ; OFF                  ; IGNORE_CASCADE                   ;
; WIDTH_BYTEENA                      ; 1                    ; Untyped                          ;
; OPERATION_MODE                     ; ROM                  ; Untyped                          ;
; WIDTH_A                            ; 8                    ; Signed Integer                   ;
; WIDTHAD_A                          ; 8                    ; Signed Integer                   ;
; NUMWORDS_A                         ; 256                  ; Signed Integer                   ;
; OUTDATA_REG_A                      ; CLOCK1               ; Untyped                          ;
; ADDRESS_ACLR_A                     ; NONE                 ; Untyped                          ;
; OUTDATA_ACLR_A                     ; NONE                 ; Untyped                          ;
; WRCONTROL_ACLR_A                   ; NONE                 ; Untyped                          ;
; INDATA_ACLR_A                      ; NONE                 ; Untyped                          ;
; BYTEENA_ACLR_A                     ; NONE                 ; Untyped                          ;
; WIDTH_B                            ; 1                    ; Untyped                          ;
; WIDTHAD_B                          ; 1                    ; Untyped                          ;
; NUMWORDS_B                         ; 1                    ; Untyped                          ;
; INDATA_REG_B                       ; CLOCK1               ; Untyped                          ;
; WRCONTROL_WRADDRESS_REG_B          ; CLOCK1               ; Untyped                          ;
; RDCONTROL_REG_B                    ; CLOCK1               ; Untyped                          ;
; ADDRESS_REG_B                      ; CLOCK1               ; Untyped                          ;
; OUTDATA_REG_B                      ; UNREGISTERED         ; Untyped                          ;
; BYTEENA_REG_B                      ; CLOCK1               ; Untyped                          ;
; INDATA_ACLR_B                      ; NONE                 ; Untyped                          ;
; WRCONTROL_ACLR_B                   ; NONE                 ; Untyped                          ;
; ADDRESS_ACLR_B                     ; NONE                 ; Untyped                          ;
; OUTDATA_ACLR_B                     ; NONE                 ; Untyped                          ;
; RDCONTROL_ACLR_B                   ; NONE                 ; Untyped                          ;
; BYTEENA_ACLR_B                     ; NONE                 ; Untyped                          ;
; WIDTH_BYTEENA_A                    ; 1                    ; Signed Integer                   ;
; WIDTH_BYTEENA_B                    ; 1                    ; Untyped                          ;
; RAM_BLOCK_TYPE                     ; AUTO                 ; Untyped                          ;
; BYTE_SIZE                          ; 8                    ; Untyped                          ;
; READ_DURING_WRITE_MODE_MIXED_PORTS ; DONT_CARE            ; Untyped                          ;
; READ_DURING_WRITE_MODE_PORT_A      ; NEW_DATA_NO_NBE_READ ; Untyped                          ;
; READ_DURING_WRITE_MODE_PORT_B      ; NEW_DATA_NO_NBE_READ ; Untyped                          ;
; INIT_FILE                          ; ROM.hex              ; Untyped                          ;
; INIT_FILE_LAYOUT                   ; PORT_A               ; Untyped                          ;
; MAXIMUM_DEPTH                      ; 0                    ; Untyped                          ;
; CLOCK_ENABLE_INPUT_A               ; NORMAL               ; Untyped                          ;
; CLOCK_ENABLE_INPUT_B               ; NORMAL               ; Untyped                          ;
; CLOCK_ENABLE_OUTPUT_A              ; NORMAL               ; Untyped                          ;
; CLOCK_ENABLE_OUTPUT_B              ; NORMAL               ; Untyped                          ;
; CLOCK_ENABLE_CORE_A                ; USE_INPUT_CLKEN      ; Untyped                          ;
; CLOCK_ENABLE_CORE_B                ; USE_INPUT_CLKEN      ; Untyped                          ;
; ENABLE_ECC                         ; FALSE                ; Untyped                          ;
; DEVICE_FAMILY                      ; Stratix II           ; Untyped                          ;
; CBXI_PARAMETER                     ; altsyncram_jp61      ; Untyped                          ;
+------------------------------------+----------------------+----------------------------------+
Note: In order to hide this table in the UI and the text report file, please set the "Show Parameter Settings Tables in Synthesis Report" option in "Analysis and Synthesis Settings -> More Settings" to "Off".


+----------------------------------------------------------------------------------------------------+
; Parameter Settings for User Entity Instance: lpm_counter6:inst12|lpm_counter:lpm_counter_component ;
+------------------------+-------------+-------------------------------------------------------------+
; Parameter Name         ; Value       ; Type                                                        ;
+------------------------+-------------+-------------------------------------------------------------+
; AUTO_CARRY_CHAINS      ; ON          ; AUTO_CARRY                                                  ;
; IGNORE_CARRY_BUFFERS   ; OFF         ; IGNORE_CARRY                                                ;
; AUTO_CASCADE_CHAINS    ; ON          ; AUTO_CASCADE                                                ;
; IGNORE_CASCADE_BUFFERS ; OFF         ; IGNORE_CASCADE                                              ;
; LPM_WIDTH              ; 8           ; Signed Integer                                              ;
; LPM_DIRECTION          ; UP          ; Untyped                                                     ;
; LPM_MODULUS            ; 0           ; Untyped                                                     ;
; LPM_AVALUE             ; UNUSED      ; Untyped                                                     ;
; LPM_SVALUE             ; UNUSED      ; Untyped                                                     ;
; LPM_PORT_UPDOWN        ; PORT_UNUSED ; Untyped                                                     ;
; DEVICE_FAMILY          ; Stratix II  ; Untyped                                                     ;
; CARRY_CHAIN            ; MANUAL      ; Untyped                                                     ;
; CARRY_CHAIN_LENGTH     ; 48          ; CARRY_CHAIN_LENGTH                                          ;
; NOT_GATE_PUSH_BACK     ; ON          ; NOT_GATE_PUSH_BACK                                          ;
; CARRY_CNT_EN           ; SMART       ; Untyped                                                     ;
; LABWIDE_SCLR           ; ON          ; Untyped                                                     ;
; USE_NEW_VERSION        ; TRUE        ; Untyped                                                     ;
; CBXI_PARAMETER         ; cntr_n9j    ; Untyped                                                     ;
+------------------------+-------------+-------------------------------------------------------------+
Note: In order to hide this table in the UI and the text report file, please set the "Show Parameter Settings Tables in Synthesis Report" option in "Analysis and Synthesis Settings -> More Settings" to "Off".


+---------------------------------------------------------------------------------------------+
; Parameter Settings for User Entity Instance: lpm_latch6:inst2|lpm_latch:lpm_latch_component ;
+----------------+--------+-------------------------------------------------------------------+
; Parameter Name ; Value  ; Type                                                              ;
+----------------+--------+-------------------------------------------------------------------+
; LPM_WIDTH      ; 8      ; Signed Integer                                                    ;
; LPM_AVALUE     ; UNUSED ; Untyped                                                           ;
+----------------+--------+-------------------------------------------------------------------+
Note: In order to hide this table in the UI and the text report file, please set the "Show Parameter Settings Tables in Synthesis Report" option in "Analysis and Synthesis Settings -> More Settings" to "Off".


+---------------------------------------------------------------------------------------------+
; Parameter Settings for User Entity Instance: lpm_latch6:inst6|lpm_latch:lpm_latch_component ;
+----------------+--------+-------------------------------------------------------------------+
; Parameter Name ; Value  ; Type                                                              ;
+----------------+--------+-------------------------------------------------------------------+
; LPM_WIDTH      ; 8      ; Signed Integer                                                    ;
; LPM_AVALUE     ; UNUSED ; Untyped                                                           ;
+----------------+--------+-------------------------------------------------------------------+
Note: In order to hide this table in the UI and the text report file, please set the "Show Parameter Settings Tables in Synthesis Report" option in "Analysis and Synthesis Settings -> More Settings" to "Off".


+----------------------------------------------------------------------------------------------+
; Parameter Settings for User Entity Instance: lpm_latch6:inst10|lpm_latch:lpm_latch_component ;
+----------------+--------+--------------------------------------------------------------------+
; Parameter Name ; Value  ; Type                                                               ;
+----------------+--------+--------------------------------------------------------------------+
; LPM_WIDTH      ; 8      ; Signed Integer                                                     ;
; LPM_AVALUE     ; UNUSED ; Untyped                                                            ;
+----------------+--------+--------------------------------------------------------------------+
Note: In order to hide this table in the UI and the text report file, please set the "Show Parameter Settings Tables in Synthesis Report" option in "Analysis and Synthesis Settings -> More Settings" to "Off".


+-------------------------------------------------------------------------------------------------+
; Parameter Settings for User Entity Instance: lpm_ram_dq0:inst19|altsyncram:altsyncram_component ;
+------------------------------------+----------------------+-------------------------------------+
; Parameter Name                     ; Value                ; Type                                ;
+------------------------------------+----------------------+-------------------------------------+
; BYTE_SIZE_BLOCK                    ; 8                    ; Untyped                             ;
; AUTO_CARRY_CHAINS                  ; ON                   ; AUTO_CARRY                          ;
; IGNORE_CARRY_BUFFERS               ; OFF                  ; IGNORE_CARRY                        ;
; AUTO_CASCADE_CHAINS                ; ON                   ; AUTO_CASCADE                        ;
; IGNORE_CASCADE_BUFFERS             ; OFF                  ; IGNORE_CASCADE                      ;
; WIDTH_BYTEENA                      ; 1                    ; Untyped                             ;
; OPERATION_MODE                     ; SINGLE_PORT          ; Untyped                             ;
; WIDTH_A                            ; 8                    ; Signed Integer                      ;
; WIDTHAD_A                          ; 8                    ; Signed Integer                      ;
; NUMWORDS_A                         ; 256                  ; Signed Integer                      ;
; OUTDATA_REG_A                      ; CLOCK0               ; Untyped                             ;
; ADDRESS_ACLR_A                     ; NONE                 ; Untyped                             ;
; OUTDATA_ACLR_A                     ; NONE                 ; Untyped                             ;
; WRCONTROL_ACLR_A                   ; NONE                 ; Untyped                             ;
; INDATA_ACLR_A                      ; NONE                 ; Untyped                             ;
; BYTEENA_ACLR_A                     ; NONE                 ; Untyped                             ;
; WIDTH_B                            ; 1                    ; Untyped                             ;
; WIDTHAD_B                          ; 1                    ; Untyped                             ;
; NUMWORDS_B                         ; 1                    ; Untyped                             ;
; INDATA_REG_B                       ; CLOCK1               ; Untyped                             ;
; WRCONTROL_WRADDRESS_REG_B          ; CLOCK1               ; Untyped                             ;
; RDCONTROL_REG_B                    ; CLOCK1               ; Untyped                             ;
; ADDRESS_REG_B                      ; CLOCK1               ; Untyped                             ;
; OUTDATA_REG_B                      ; UNREGISTERED         ; Untyped                             ;
; BYTEENA_REG_B                      ; CLOCK1               ; Untyped                             ;
; INDATA_ACLR_B                      ; NONE                 ; Untyped                             ;
; WRCONTROL_ACLR_B                   ; NONE                 ; Untyped                             ;
; ADDRESS_ACLR_B                     ; NONE                 ; Untyped                             ;
; OUTDATA_ACLR_B                     ; NONE                 ; Untyped                             ;
; RDCONTROL_ACLR_B                   ; NONE                 ; Untyped                             ;
; BYTEENA_ACLR_B                     ; NONE                 ; Untyped                             ;
; WIDTH_BYTEENA_A                    ; 1                    ; Signed Integer                      ;
; WIDTH_BYTEENA_B                    ; 1                    ; Untyped                             ;
; RAM_BLOCK_TYPE                     ; AUTO                 ; Untyped                             ;
; BYTE_SIZE                          ; 8                    ; Untyped                             ;
; READ_DURING_WRITE_MODE_MIXED_PORTS ; DONT_CARE            ; Untyped                             ;
; READ_DURING_WRITE_MODE_PORT_A      ; NEW_DATA_NO_NBE_READ ; Untyped                             ;
; READ_DURING_WRITE_MODE_PORT_B      ; NEW_DATA_NO_NBE_READ ; Untyped                             ;
; INIT_FILE                          ; RAM.hex              ; Untyped                             ;
; INIT_FILE_LAYOUT                   ; PORT_A               ; Untyped                             ;
; MAXIMUM_DEPTH                      ; 0                    ; Untyped                             ;
; CLOCK_ENABLE_INPUT_A               ; BYPASS               ; Untyped                             ;
; CLOCK_ENABLE_INPUT_B               ; NORMAL               ; Untyped                             ;
; CLOCK_ENABLE_OUTPUT_A              ; BYPASS               ; Untyped                             ;
; CLOCK_ENABLE_OUTPUT_B              ; NORMAL               ; Untyped                             ;
; CLOCK_ENABLE_CORE_A                ; USE_INPUT_CLKEN      ; Untyped                             ;
; CLOCK_ENABLE_CORE_B                ; USE_INPUT_CLKEN      ; Untyped                             ;
; ENABLE_ECC                         ; FALSE                ; Untyped                             ;
; DEVICE_FAMILY                      ; Stratix II           ; Untyped                             ;
; CBXI_PARAMETER                     ; altsyncram_4ub1      ; Untyped                             ;
+------------------------------------+----------------------+-------------------------------------+
Note: In order to hide this table in the UI and the text report file, please set the "Show Parameter Settings Tables in Synthesis Report" option in "Analysis and Synthesis Settings -> More Settings" to "Off".


+--------------------------------------------------------------------------------------------------------+
; Parameter Settings for User Entity Instance: RON:inst20|lpm_latch0:inst4|lpm_latch:lpm_latch_component ;
+----------------+--------+------------------------------------------------------------------------------+
; Parameter Name ; Value  ; Type                                                                         ;
+----------------+--------+------------------------------------------------------------------------------+
; LPM_WIDTH      ; 8      ; Signed Integer                                                               ;
; LPM_AVALUE     ; UNUSED ; Untyped                                                                      ;
+----------------+--------+------------------------------------------------------------------------------+
Note: In order to hide this table in the UI and the text report file, please set the "Show Parameter Settings Tables in Synthesis Report" option in "Analysis and Synthesis Settings -> More Settings" to "Off".


+-----------------------------------------------------------------------------------------------------------+
; Parameter Settings for User Entity Instance: RON:inst20|lpm_decode0:inst2|lpm_decode:lpm_decode_component ;
+------------------------+------------+---------------------------------------------------------------------+
; Parameter Name         ; Value      ; Type                                                                ;
+------------------------+------------+---------------------------------------------------------------------+
; LPM_WIDTH              ; 2          ; Signed Integer                                                      ;
; LPM_DECODES            ; 4          ; Signed Integer                                                      ;
; LPM_PIPELINE           ; 0          ; Untyped                                                             ;
; CASCADE_CHAIN          ; MANUAL     ; Untyped                                                             ;
; DEVICE_FAMILY          ; Stratix II ; Untyped                                                             ;
; CBXI_PARAMETER         ; decode_p7f ; Untyped                                                             ;
; AUTO_CARRY_CHAINS      ; ON         ; AUTO_CARRY                                                          ;
; IGNORE_CARRY_BUFFERS   ; OFF        ; IGNORE_CARRY                                                        ;
; AUTO_CASCADE_CHAINS    ; ON         ; AUTO_CASCADE                                                        ;
; IGNORE_CASCADE_BUFFERS ; OFF        ; IGNORE_CASCADE                                                      ;
+------------------------+------------+---------------------------------------------------------------------+
Note: In order to hide this table in the UI and the text report file, please set the "Show Parameter Settings Tables in Synthesis Report" option in "Analysis and Synthesis Settings -> More Settings" to "Off".


+--------------------------------------------------------------------------------------------------------+
; Parameter Settings for User Entity Instance: RON:inst20|lpm_latch0:inst8|lpm_latch:lpm_latch_component ;
+----------------+--------+------------------------------------------------------------------------------+
; Parameter Name ; Value  ; Type                                                                         ;
+----------------+--------+------------------------------------------------------------------------------+
; LPM_WIDTH      ; 8      ; Signed Integer                                                               ;
; LPM_AVALUE     ; UNUSED ; Untyped                                                                      ;
+----------------+--------+------------------------------------------------------------------------------+
Note: In order to hide this table in the UI and the text report file, please set the "Show Parameter Settings Tables in Synthesis Report" option in "Analysis and Synthesis Settings -> More Settings" to "Off".


+---------------------------------------------------------------------------------------------------------+
; Parameter Settings for User Entity Instance: RON:inst20|lpm_latch0:inst12|lpm_latch:lpm_latch_component ;
+----------------+--------+-------------------------------------------------------------------------------+
; Parameter Name ; Value  ; Type                                                                          ;
+----------------+--------+-------------------------------------------------------------------------------+
; LPM_WIDTH      ; 8      ; Signed Integer                                                                ;
; LPM_AVALUE     ; UNUSED ; Untyped                                                                       ;
+----------------+--------+-------------------------------------------------------------------------------+
Note: In order to hide this table in the UI and the text report file, please set the "Show Parameter Settings Tables in Synthesis Report" option in "Analysis and Synthesis Settings -> More Settings" to "Off".


+---------------------------------------------------------------------------------------------------------+
; Parameter Settings for User Entity Instance: RON:inst20|lpm_latch0:inst16|lpm_latch:lpm_latch_component ;
+----------------+--------+-------------------------------------------------------------------------------+
; Parameter Name ; Value  ; Type                                                                          ;
+----------------+--------+-------------------------------------------------------------------------------+
; LPM_WIDTH      ; 8      ; Signed Integer                                                                ;
; LPM_AVALUE     ; UNUSED ; Untyped                                                                       ;
+----------------+--------+-------------------------------------------------------------------------------+
Note: In order to hide this table in the UI and the text report file, please set the "Show Parameter Settings Tables in Synthesis Report" option in "Analysis and Synthesis Settings -> More Settings" to "Off".


+------------------------------------------------------------------------------------------------+
; altsyncram Parameter Settings by Entity Instance                                               ;
+-------------------------------------------+----------------------------------------------------+
; Name                                      ; Value                                              ;
+-------------------------------------------+----------------------------------------------------+
; Number of entity instances                ; 2                                                  ;
; Entity Instance                           ; lpm_rom2:inst15|altsyncram:altsyncram_component    ;
;     -- OPERATION_MODE                     ; ROM                                                ;
;     -- WIDTH_A                            ; 8                                                  ;
;     -- NUMWORDS_A                         ; 256                                                ;
;     -- OUTDATA_REG_A                      ; CLOCK1                                             ;
;     -- WIDTH_B                            ; 1                                                  ;
;     -- NUMWORDS_B                         ; 1                                                  ;
;     -- ADDRESS_REG_B                      ; CLOCK1                                             ;
;     -- OUTDATA_REG_B                      ; UNREGISTERED                                       ;
;     -- RAM_BLOCK_TYPE                     ; AUTO                                               ;
;     -- READ_DURING_WRITE_MODE_MIXED_PORTS ; DONT_CARE                                          ;
; Entity Instance                           ; lpm_ram_dq0:inst19|altsyncram:altsyncram_component ;
;     -- OPERATION_MODE                     ; SINGLE_PORT                                        ;
;     -- WIDTH_A                            ; 8                                                  ;
;     -- NUMWORDS_A                         ; 256                                                ;
;     -- OUTDATA_REG_A                      ; CLOCK0                                             ;
;     -- WIDTH_B                            ; 1                                                  ;
;     -- NUMWORDS_B                         ; 1                                                  ;
;     -- ADDRESS_REG_B                      ; CLOCK1                                             ;
;     -- OUTDATA_REG_B                      ; UNREGISTERED                                       ;
;     -- RAM_BLOCK_TYPE                     ; AUTO                                               ;
;     -- READ_DURING_WRITE_MODE_MIXED_PORTS ; DONT_CARE                                          ;
+-------------------------------------------+----------------------------------------------------+


+-------------------------------+
; Analysis & Synthesis Messages ;
+-------------------------------+
Info: *******************************************************************
Info: Running Quartus II Analysis & Synthesis
    Info: Version 9.1 Build 222 10/21/2009 SJ Web Edition
    Info: Processing started: Wed May 16 01:38:51 2018
Info: Command: quartus_map --read_settings_files=on --write_settings_files=off cpu -c cpu
Info: Found 1 design units, including 1 entities, in source file cpu.bdf
    Info: Found entity 1: cpu
Info: Found 1 design units, including 1 entities, in source file ron.bdf
    Info: Found entity 1: RON
Info: Found 2 design units, including 1 entities, in source file lpm_decode0.vhd
    Info: Found design unit 1: lpm_decode0-SYN
    Info: Found entity 1: lpm_decode0
Info: Found 2 design units, including 1 entities, in source file lpm_latch0.vhd
    Info: Found design unit 1: lpm_latch0-SYN
    Info: Found entity 1: lpm_latch0
Info: Found 1 design units, including 1 entities, in source file alu.bdf
    Info: Found entity 1: ALU
Info: Found 2 design units, including 1 entities, in source file lpm_latch1.vhd
    Info: Found design unit 1: lpm_latch1-SYN
    Info: Found entity 1: lpm_latch1
Info: Found 2 design units, including 1 entities, in source file lpm_latch2.vhd
    Info: Found design unit 1: lpm_latch2-SYN
    Info: Found entity 1: lpm_latch2
Info: Found 2 design units, including 1 entities, in source file lpm_counter0.vhd
    Info: Found design unit 1: lpm_counter0-SYN
    Info: Found entity 1: lpm_counter0
Info: Found 2 design units, including 1 entities, in source file lpm_add_sub0.vhd
    Info: Found design unit 1: lpm_add_sub0-SYN
    Info: Found entity 1: lpm_add_sub0
Info: Found 2 design units, including 1 entities, in source file lpm_mult0.vhd
    Info: Found design unit 1: lpm_mult0-SYN
    Info: Found entity 1: lpm_mult0
Info: Found 2 design units, including 1 entities, in source file lpm_add_sub1.vhd
    Info: Found design unit 1: lpm_add_sub1-SYN
    Info: Found entity 1: lpm_add_sub1
Info: Found 1 design units, including 1 entities, in source file stack.bdf
    Info: Found entity 1: STACK
Info: Found 2 design units, including 1 entities, in source file lpm_latch3.vhd
    Info: Found design unit 1: lpm_latch3-SYN
    Info: Found entity 1: lpm_latch3
Info: Found 2 design units, including 1 entities, in source file lpm_counter1.vhd
    Info: Found design unit 1: lpm_counter1-SYN
    Info: Found entity 1: lpm_counter1
Info: Found 2 design units, including 1 entities, in source file lpm_counter2.vhd
    Info: Found design unit 1: lpm_counter2-SYN
    Info: Found entity 1: lpm_counter2
Info: Found 2 design units, including 1 entities, in source file lpm_compare0.vhd
    Info: Found design unit 1: lpm_compare0-SYN
    Info: Found entity 1: lpm_compare0
Info: Found 2 design units, including 1 entities, in source file lpm_compare1.vhd
    Info: Found design unit 1: lpm_compare1-SYN
    Info: Found entity 1: lpm_compare1
Info: Found 2 design units, including 1 entities, in source file lpm_compare2.vhd
    Info: Found design unit 1: lpm_compare2-SYN
    Info: Found entity 1: lpm_compare2
Info: Found 2 design units, including 1 entities, in source file lpm_latch4.vhd
    Info: Found design unit 1: lpm_latch4-SYN
    Info: Found entity 1: lpm_latch4
Info: Found 2 design units, including 1 entities, in source file lpm_decode1.vhd
    Info: Found design unit 1: lpm_decode1-SYN
    Info: Found entity 1: lpm_decode1
Info: Found 2 design units, including 1 entities, in source file lpm_decode2.vhd
    Info: Found design unit 1: lpm_decode2-SYN
    Info: Found entity 1: lpm_decode2
Info: Found 2 design units, including 1 entities, in source file lpm_compare3.vhd
    Info: Found design unit 1: lpm_compare3-SYN
    Info: Found entity 1: lpm_compare3
Info: Found 1 design units, including 1 entities, in source file cu.bdf
    Info: Found entity 1: CU
Info: Found 2 design units, including 1 entities, in source file lpm_counter3.vhd
    Info: Found design unit 1: lpm_counter3-SYN
    Info: Found entity 1: lpm_counter3
Info: Found 2 design units, including 1 entities, in source file lpm_counter4.vhd
    Info: Found design unit 1: lpm_counter4-SYN
    Info: Found entity 1: lpm_counter4
Info: Found 2 design units, including 1 entities, in source file lpm_counter5.vhd
    Info: Found design unit 1: lpm_counter5-SYN
    Info: Found entity 1: lpm_counter5
Info: Found 2 design units, including 1 entities, in source file lpm_rom0.vhd
    Info: Found design unit 1: lpm_rom0-SYN
    Info: Found entity 1: lpm_rom0
Info: Found 2 design units, including 1 entities, in source file lpm_latch5.vhd
    Info: Found design unit 1: lpm_latch5-SYN
    Info: Found entity 1: lpm_latch5
Info: Found 2 design units, including 1 entities, in source file lpm_decode3.vhd
    Info: Found design unit 1: lpm_decode3-SYN
    Info: Found entity 1: lpm_decode3
Info: Found 2 design units, including 1 entities, in source file lpm_compare4.vhd
    Info: Found design unit 1: lpm_compare4-SYN
    Info: Found entity 1: lpm_compare4
Info: Found 2 design units, including 1 entities, in source file lpm_rom1.vhd
    Info: Found design unit 1: lpm_rom1-SYN
    Info: Found entity 1: lpm_rom1
Info: Found 2 design units, including 1 entities, in source file lpm_latch6.vhd
    Info: Found design unit 1: lpm_latch6-SYN
    Info: Found entity 1: lpm_latch6
Info: Found 2 design units, including 1 entities, in source file lpm_counter6.vhd
    Info: Found design unit 1: lpm_counter6-SYN
    Info: Found entity 1: lpm_counter6
Info: Found 2 design units, including 1 entities, in source file lpm_rom2.vhd
    Info: Found design unit 1: lpm_rom2-SYN
    Info: Found entity 1: lpm_rom2
Info: Found 2 design units, including 1 entities, in source file lpm_ram_dq0.vhd
    Info: Found design unit 1: lpm_ram_dq0-SYN
    Info: Found entity 1: lpm_ram_dq0
Info: Elaborating entity "CU" for the top level hierarchy
Info: Elaborating entity "lpm_decode3" for hierarchy "lpm_decode3:inst7"
Info: Elaborating entity "lpm_decode" for hierarchy "lpm_decode3:inst7|lpm_decode:lpm_decode_component"
Info: Elaborated megafunction instantiation "lpm_decode3:inst7|lpm_decode:lpm_decode_component"
Info: Instantiated megafunction "lpm_decode3:inst7|lpm_decode:lpm_decode_component" with the following parameter:
    Info: Parameter "lpm_decodes" = "256"
    Info: Parameter "lpm_type" = "LPM_DECODE"
    Info: Parameter "lpm_width" = "8"
Info: Found 1 design units, including 1 entities, in source file db/decode_8bf.tdf
    Info: Found entity 1: decode_8bf
Info: Elaborating entity "decode_8bf" for hierarchy "lpm_decode3:inst7|lpm_decode:lpm_decode_component|decode_8bf:auto_generated"
Info: Elaborating entity "lpm_latch5" for hierarchy "lpm_latch5:inst4"
Info: Elaborating entity "lpm_latch" for hierarchy "lpm_latch5:inst4|lpm_latch:lpm_latch_component"
Info: Elaborated megafunction instantiation "lpm_latch5:inst4|lpm_latch:lpm_latch_component"
Info: Instantiated megafunction "lpm_latch5:inst4|lpm_latch:lpm_latch_component" with the following parameter:
    Info: Parameter "lpm_type" = "LPM_LATCH"
    Info: Parameter "lpm_width" = "8"
Info: Elaborating entity "16dmux" for hierarchy "16dmux:inst1"
Info: Elaborated megafunction instantiation "16dmux:inst1"
Info: Elaborating entity "lpm_counter4" for hierarchy "lpm_counter4:inst5"
Info: Elaborating entity "lpm_counter" for hierarchy "lpm_counter4:inst5|lpm_counter:lpm_counter_component"
Info: Elaborated megafunction instantiation "lpm_counter4:inst5|lpm_counter:lpm_counter_component"
Info: Instantiated megafunction "lpm_counter4:inst5|lpm_counter:lpm_counter_component" with the following parameter:
    Info: Parameter "lpm_direction" = "UP"
    Info: Parameter "lpm_port_updown" = "PORT_UNUSED"
    Info: Parameter "lpm_type" = "LPM_COUNTER"
    Info: Parameter "lpm_width" = "4"
Info: Found 1 design units, including 1 entities, in source file db/cntr_qoi.tdf
    Info: Found entity 1: cntr_qoi
Info: Elaborating entity "cntr_qoi" for hierarchy "lpm_counter4:inst5|lpm_counter:lpm_counter_component|cntr_qoi:auto_generated"
Info: Elaborating entity "lpm_rom2" for hierarchy "lpm_rom2:inst15"
Info: Elaborating entity "altsyncram" for hierarchy "lpm_rom2:inst15|altsyncram:altsyncram_component"
Info: Elaborated megafunction instantiation "lpm_rom2:inst15|altsyncram:altsyncram_component"
Info: Instantiated megafunction "lpm_rom2:inst15|altsyncram:altsyncram_component" with the following parameter:
    Info: Parameter "clock_enable_input_a" = "NORMAL"
    Info: Parameter "clock_enable_output_a" = "NORMAL"
    Info: Parameter "init_file" = "ROM.hex"
    Info: Parameter "intended_device_family" = "Stratix II"
    Info: Parameter "lpm_type" = "altsyncram"
    Info: Parameter "numwords_a" = "256"
    Info: Parameter "operation_mode" = "ROM"
    Info: Parameter "outdata_aclr_a" = "NONE"
    Info: Parameter "outdata_reg_a" = "CLOCK1"
    Info: Parameter "widthad_a" = "8"
    Info: Parameter "width_a" = "8"
    Info: Parameter "width_byteena_a" = "1"
Info: Found 1 design units, including 1 entities, in source file db/altsyncram_jp61.tdf
    Info: Found entity 1: altsyncram_jp61
Info: Elaborating entity "altsyncram_jp61" for hierarchy "lpm_rom2:inst15|altsyncram:altsyncram_component|altsyncram_jp61:auto_generated"
Info: Elaborating entity "lpm_counter6" for hierarchy "lpm_counter6:inst12"
Info: Elaborating entity "lpm_counter" for hierarchy "lpm_counter6:inst12|lpm_counter:lpm_counter_component"
Info: Elaborated megafunction instantiation "lpm_counter6:inst12|lpm_counter:lpm_counter_component"
Info: Instantiated megafunction "lpm_counter6:inst12|lpm_counter:lpm_counter_component" with the following parameter:
    Info: Parameter "lpm_direction" = "UP"
    Info: Parameter "lpm_port_updown" = "PORT_UNUSED"
    Info: Parameter "lpm_type" = "LPM_COUNTER"
    Info: Parameter "lpm_width" = "8"
Info: Found 1 design units, including 1 entities, in source file db/cntr_n9j.tdf
    Info: Found entity 1: cntr_n9j
Info: Elaborating entity "cntr_n9j" for hierarchy "lpm_counter6:inst12|lpm_counter:lpm_counter_component|cntr_n9j:auto_generated"
Info: Elaborating entity "lpm_latch6" for hierarchy "lpm_latch6:inst2"
Info: Elaborating entity "lpm_ram_dq0" for hierarchy "lpm_ram_dq0:inst19"
Info: Elaborating entity "altsyncram" for hierarchy "lpm_ram_dq0:inst19|altsyncram:altsyncram_component"
Info: Elaborated megafunction instantiation "lpm_ram_dq0:inst19|altsyncram:altsyncram_component"
Info: Instantiated megafunction "lpm_ram_dq0:inst19|altsyncram:altsyncram_component" with the following parameter:
    Info: Parameter "clock_enable_input_a" = "BYPASS"
    Info: Parameter "clock_enable_output_a" = "BYPASS"
    Info: Parameter "init_file" = "RAM.hex"
    Info: Parameter "intended_device_family" = "Stratix II"
    Info: Parameter "lpm_hint" = "ENABLE_RUNTIME_MOD=NO"
    Info: Parameter "lpm_type" = "altsyncram"
    Info: Parameter "numwords_a" = "256"
    Info: Parameter "operation_mode" = "SINGLE_PORT"
    Info: Parameter "outdata_aclr_a" = "NONE"
    Info: Parameter "outdata_reg_a" = "CLOCK0"
    Info: Parameter "power_up_uninitialized" = "FALSE"
    Info: Parameter "widthad_a" = "8"
    Info: Parameter "width_a" = "8"
    Info: Parameter "width_byteena_a" = "1"
Info: Found 1 design units, including 1 entities, in source file db/altsyncram_4ub1.tdf
    Info: Found entity 1: altsyncram_4ub1
Info: Elaborating entity "altsyncram_4ub1" for hierarchy "lpm_ram_dq0:inst19|altsyncram:altsyncram_component|altsyncram_4ub1:auto_generated"
Info: Elaborating entity "RON" for hierarchy "RON:inst20"
Info: Elaborating entity "lpm_latch0" for hierarchy "RON:inst20|lpm_latch0:inst4"
Info: Elaborating entity "lpm_decode0" for hierarchy "RON:inst20|lpm_decode0:inst2"
Info: Elaborating entity "lpm_decode" for hierarchy "RON:inst20|lpm_decode0:inst2|lpm_decode:lpm_decode_component"
Info: Elaborated megafunction instantiation "RON:inst20|lpm_decode0:inst2|lpm_decode:lpm_decode_component"
Info: Instantiated megafunction "RON:inst20|lpm_decode0:inst2|lpm_decode:lpm_decode_component" with the following parameter:
    Info: Parameter "lpm_decodes" = "4"
    Info: Parameter "lpm_type" = "LPM_DECODE"
    Info: Parameter "lpm_width" = "2"
Info: Found 1 design units, including 1 entities, in source file db/decode_p7f.tdf
    Info: Found entity 1: decode_p7f
Info: Elaborating entity "decode_p7f" for hierarchy "RON:inst20|lpm_decode0:inst2|lpm_decode:lpm_decode_component|decode_p7f:auto_generated"
Warning: LATCH primitive "RON:inst20|lpm_latch0:inst16|lpm_latch:lpm_latch_component|latches[7]" is permanently disabled
Warning: LATCH primitive "RON:inst20|lpm_latch0:inst16|lpm_latch:lpm_latch_component|latches[6]" is permanently disabled
Warning: LATCH primitive "RON:inst20|lpm_latch0:inst16|lpm_latch:lpm_latch_component|latches[5]" is permanently disabled
Warning: LATCH primitive "RON:inst20|lpm_latch0:inst16|lpm_latch:lpm_latch_component|latches[4]" is permanently disabled
Warning: LATCH primitive "RON:inst20|lpm_latch0:inst16|lpm_latch:lpm_latch_component|latches[3]" is permanently disabled
Warning: LATCH primitive "RON:inst20|lpm_latch0:inst16|lpm_latch:lpm_latch_component|latches[2]" is permanently disabled
Warning: LATCH primitive "RON:inst20|lpm_latch0:inst16|lpm_latch:lpm_latch_component|latches[1]" is permanently disabled
Warning: LATCH primitive "RON:inst20|lpm_latch0:inst16|lpm_latch:lpm_latch_component|latches[0]" is permanently disabled
Warning: LATCH primitive "RON:inst20|lpm_latch0:inst12|lpm_latch:lpm_latch_component|latches[7]" is permanently disabled
Warning: LATCH primitive "RON:inst20|lpm_latch0:inst12|lpm_latch:lpm_latch_component|latches[6]" is permanently disabled
Warning: LATCH primitive "RON:inst20|lpm_latch0:inst12|lpm_latch:lpm_latch_component|latches[5]" is permanently disabled
Warning: LATCH primitive "RON:inst20|lpm_latch0:inst12|lpm_latch:lpm_latch_component|latches[4]" is permanently disabled
Warning: LATCH primitive "RON:inst20|lpm_latch0:inst12|lpm_latch:lpm_latch_component|latches[3]" is permanently disabled
Warning: LATCH primitive "RON:inst20|lpm_latch0:inst12|lpm_latch:lpm_latch_component|latches[2]" is permanently disabled
Warning: LATCH primitive "RON:inst20|lpm_latch0:inst12|lpm_latch:lpm_latch_component|latches[1]" is permanently disabled
Warning: LATCH primitive "RON:inst20|lpm_latch0:inst12|lpm_latch:lpm_latch_component|latches[0]" is permanently disabled
Warning: LATCH primitive "RON:inst20|lpm_latch0:inst8|lpm_latch:lpm_latch_component|latches[7]" is permanently disabled
Warning: LATCH primitive "RON:inst20|lpm_latch0:inst8|lpm_latch:lpm_latch_component|latches[6]" is permanently disabled
Warning: LATCH primitive "RON:inst20|lpm_latch0:inst8|lpm_latch:lpm_latch_component|latches[5]" is permanently disabled
Warning: LATCH primitive "RON:inst20|lpm_latch0:inst8|lpm_latch:lpm_latch_component|latches[4]" is permanently disabled
Warning: LATCH primitive "RON:inst20|lpm_latch0:inst8|lpm_latch:lpm_latch_component|latches[3]" is permanently disabled
Warning: LATCH primitive "RON:inst20|lpm_latch0:inst8|lpm_latch:lpm_latch_component|latches[2]" is permanently disabled
Warning: LATCH primitive "RON:inst20|lpm_latch0:inst8|lpm_latch:lpm_latch_component|latches[1]" is permanently disabled
Warning: LATCH primitive "RON:inst20|lpm_latch0:inst8|lpm_latch:lpm_latch_component|latches[0]" is permanently disabled
Warning: LATCH primitive "RON:inst20|lpm_latch0:inst4|lpm_latch:lpm_latch_component|latches[7]" is permanently disabled
Warning: LATCH primitive "RON:inst20|lpm_latch0:inst4|lpm_latch:lpm_latch_component|latches[6]" is permanently disabled
Warning: LATCH primitive "RON:inst20|lpm_latch0:inst4|lpm_latch:lpm_latch_component|latches[5]" is permanently disabled
Warning: LATCH primitive "RON:inst20|lpm_latch0:inst4|lpm_latch:lpm_latch_component|latches[4]" is permanently disabled
Warning: LATCH primitive "RON:inst20|lpm_latch0:inst4|lpm_latch:lpm_latch_component|latches[3]" is permanently disabled
Warning: LATCH primitive "RON:inst20|lpm_latch0:inst4|lpm_latch:lpm_latch_component|latches[2]" is permanently disabled
Warning: LATCH primitive "RON:inst20|lpm_latch0:inst4|lpm_latch:lpm_latch_component|latches[1]" is permanently disabled
Warning: LATCH primitive "RON:inst20|lpm_latch0:inst4|lpm_latch:lpm_latch_component|latches[0]" is permanently disabled
Warning: Synthesized away the following node(s):
    Warning: Synthesized away the following RAM node(s):
        Warning (14320): Synthesized away node "lpm_ram_dq0:inst19|altsyncram:altsyncram_component|altsyncram_4ub1:auto_generated|q_a[0]"
        Warning (14320): Synthesized away node "lpm_ram_dq0:inst19|altsyncram:altsyncram_component|altsyncram_4ub1:auto_generated|q_a[1]"
        Warning (14320): Synthesized away node "lpm_ram_dq0:inst19|altsyncram:altsyncram_component|altsyncram_4ub1:auto_generated|q_a[2]"
        Warning (14320): Synthesized away node "lpm_ram_dq0:inst19|altsyncram:altsyncram_component|altsyncram_4ub1:auto_generated|q_a[3]"
        Warning (14320): Synthesized away node "lpm_ram_dq0:inst19|altsyncram:altsyncram_component|altsyncram_4ub1:auto_generated|q_a[4]"
        Warning (14320): Synthesized away node "lpm_ram_dq0:inst19|altsyncram:altsyncram_component|altsyncram_4ub1:auto_generated|q_a[5]"
        Warning (14320): Synthesized away node "lpm_ram_dq0:inst19|altsyncram:altsyncram_component|altsyncram_4ub1:auto_generated|q_a[6]"
        Warning (14320): Synthesized away node "lpm_ram_dq0:inst19|altsyncram:altsyncram_component|altsyncram_4ub1:auto_generated|q_a[7]"
Info: Implemented 123 device resources after synthesis - the final resource count might be different
    Info: Implemented 1 input pins
    Info: Implemented 57 output pins
    Info: Implemented 57 logic cells
    Info: Implemented 8 RAM segments
Info: Quartus II Analysis & Synthesis was successful. 0 errors, 42 warnings
    Info: Peak virtual memory: 277 megabytes
    Info: Processing ended: Wed May 16 01:38:56 2018
    Info: Elapsed time: 00:00:05
    Info: Total CPU time (on all processors): 00:00:05


