Flow report for cpu
Sun May 13 23:44:08 2018
Quartus II Version 9.1 Build 222 10/21/2009 SJ Web Edition


---------------------
; Table of Contents ;
---------------------
  1. Legal Notice
  2. Flow Summary
  3. Flow Settings
  4. Flow Non-Default Global Settings
  5. Flow Elapsed Time
  6. Flow OS Summary
  7. Flow Log



----------------
; Legal Notice ;
----------------
Copyright (C) 1991-2009 Altera Corporation
Your use of Altera Corporation's design tools, logic functions 
and other software and tools, and its AMPP partner logic 
functions, and any output files from any of the foregoing 
(including device programming or simulation files), and any 
associated documentation or information are expressly subject 
to the terms and conditions of the Altera Program License 
Subscription Agreement, Altera MegaCore Function License 
Agreement, or other applicable license agreement, including, 
without limitation, that your use is for the sole purpose of 
programming logic devices manufactured by Altera and sold by 
Altera or its authorized distributors.  Please refer to the 
applicable agreement for further details.



+-------------------------------------------------------------------------+
; Flow Summary                                                            ;
+-------------------------------+-----------------------------------------+
; Flow Status                   ; Successful - Sun May 13 23:44:08 2018   ;
; Quartus II Version            ; 9.1 Build 222 10/21/2009 SJ Web Edition ;
; Revision Name                 ; cpu                                     ;
; Top-level Entity Name         ; ALU                                     ;
; Family                        ; Stratix II                              ;
; Met timing requirements       ; Yes                                     ;
; Logic utilization             ; < 1 %                                   ;
;     Combinational ALUTs       ; 28 / 12,480 ( < 1 % )                   ;
;     Dedicated logic registers ; 0 / 12,480 ( 0 % )                      ;
; Total registers               ; 0                                       ;
; Total pins                    ; 31 / 343 ( 9 % )                        ;
; Total virtual pins            ; 0                                       ;
; Total block memory bits       ; 0 / 419,328 ( 0 % )                     ;
; DSP block 9-bit elements      ; 0 / 96 ( 0 % )                          ;
; Total PLLs                    ; 0 / 6 ( 0 % )                           ;
; Total DLLs                    ; 0 / 2 ( 0 % )                           ;
; Device                        ; EP2S15F484C3                            ;
; Timing Models                 ; Final                                   ;
+-------------------------------+-----------------------------------------+


+-----------------------------------------+
; Flow Settings                           ;
+-------------------+---------------------+
; Option            ; Setting             ;
+-------------------+---------------------+
; Start date & time ; 05/13/2018 23:43:57 ;
; Main task         ; Compilation         ;
; Revision Name     ; cpu                 ;
+-------------------+---------------------+


+----------------------------------------------------------------------------------------------------------------+
; Flow Non-Default Global Settings                                                                               ;
+------------------------------------+--------------------------------+---------------+-------------+------------+
; Assignment Name                    ; Value                          ; Default Value ; Entity Name ; Section Id ;
+------------------------------------+--------------------------------+---------------+-------------+------------+
; COMPILER_SIGNATURE_ID              ; 62000997771494.152625503714596 ; --            ; --          ; --         ;
; IP_TOOL_NAME                       ; LPM_DECODE                     ; --            ; --          ; --         ;
; IP_TOOL_NAME                       ; LPM_LATCH                      ; --            ; --          ; --         ;
; IP_TOOL_NAME                       ; LPM_LATCH                      ; --            ; --          ; --         ;
; IP_TOOL_NAME                       ; LPM_LATCH                      ; --            ; --          ; --         ;
; IP_TOOL_NAME                       ; LPM_COUNTER                    ; --            ; --          ; --         ;
; IP_TOOL_NAME                       ; LPM_ADD_SUB                    ; --            ; --          ; --         ;
; IP_TOOL_NAME                       ; LPM_MULT                       ; --            ; --          ; --         ;
; IP_TOOL_NAME                       ; LPM_ADD_SUB                    ; --            ; --          ; --         ;
; IP_TOOL_VERSION                    ; 8.0                            ; --            ; --          ; --         ;
; IP_TOOL_VERSION                    ; 8.0                            ; --            ; --          ; --         ;
; IP_TOOL_VERSION                    ; 9.1                            ; --            ; --          ; --         ;
; IP_TOOL_VERSION                    ; 9.1                            ; --            ; --          ; --         ;
; IP_TOOL_VERSION                    ; 9.1                            ; --            ; --          ; --         ;
; IP_TOOL_VERSION                    ; 9.1                            ; --            ; --          ; --         ;
; IP_TOOL_VERSION                    ; 9.1                            ; --            ; --          ; --         ;
; IP_TOOL_VERSION                    ; 9.1                            ; --            ; --          ; --         ;
; MISC_FILE                          ; lpm_decode0.bsf                ; --            ; --          ; --         ;
; MISC_FILE                          ; lpm_latch0.bsf                 ; --            ; --          ; --         ;
; MISC_FILE                          ; lpm_latch1.bsf                 ; --            ; --          ; --         ;
; MISC_FILE                          ; lpm_latch2.bsf                 ; --            ; --          ; --         ;
; MISC_FILE                          ; lpm_counter0.bsf               ; --            ; --          ; --         ;
; MISC_FILE                          ; lpm_add_sub0.bsf               ; --            ; --          ; --         ;
; MISC_FILE                          ; lpm_mult0.bsf                  ; --            ; --          ; --         ;
; MISC_FILE                          ; lpm_add_sub1.bsf               ; --            ; --          ; --         ;
; PARTITION_COLOR                    ; 14622752                       ; --            ; ALU         ; Top        ;
; PARTITION_NETLIST_TYPE             ; SOURCE                         ; --            ; ALU         ; Top        ;
; TOP_LEVEL_ENTITY                   ; ALU                            ; cpu           ; --          ; --         ;
; USE_GENERATED_PHYSICAL_CONSTRAINTS ; Off                            ; --            ; --          ; eda_palace ;
+------------------------------------+--------------------------------+---------------+-------------+------------+


+-----------------------------------------------------------------------------------------------------------------------------+
; Flow Elapsed Time                                                                                                           ;
+-------------------------+--------------+-------------------------+---------------------+------------------------------------+
; Module Name             ; Elapsed Time ; Average Processors Used ; Peak Virtual Memory ; Total CPU Time (on all processors) ;
+-------------------------+--------------+-------------------------+---------------------+------------------------------------+
; Analysis & Synthesis    ; 00:00:02     ; 1.0                     ; 294 MB              ; 00:00:02                           ;
; Fitter                  ; 00:00:04     ; 1.0                     ; 319 MB              ; 00:00:04                           ;
; Assembler               ; 00:00:02     ; 1.0                     ; 283 MB              ; 00:00:02                           ;
; Classic Timing Analyzer ; 00:00:00     ; 1.0                     ; 213 MB              ; 00:00:00                           ;
; Total                   ; 00:00:08     ; --                      ; --                  ; 00:00:08                           ;
+-------------------------+--------------+-------------------------+---------------------+------------------------------------+


+------------------------------------------------------------------------------------------+
; Flow OS Summary                                                                          ;
+-------------------------+------------------+---------------+------------+----------------+
; Module Name             ; Machine Hostname ; OS Name       ; OS Version ; Processor type ;
+-------------------------+------------------+---------------+------------+----------------+
; Analysis & Synthesis    ; DESKTOP-RPO7TF4  ; Windows Vista ; 6.2        ; x86_64         ;
; Fitter                  ; DESKTOP-RPO7TF4  ; Windows Vista ; 6.2        ; x86_64         ;
; Assembler               ; DESKTOP-RPO7TF4  ; Windows Vista ; 6.2        ; x86_64         ;
; Classic Timing Analyzer ; DESKTOP-RPO7TF4  ; Windows Vista ; 6.2        ; x86_64         ;
+-------------------------+------------------+---------------+------------+----------------+


------------
; Flow Log ;
------------
quartus_map --read_settings_files=on --write_settings_files=off cpu -c cpu
quartus_fit --read_settings_files=off --write_settings_files=off cpu -c cpu
quartus_asm --read_settings_files=off --write_settings_files=off cpu -c cpu
quartus_tan --read_settings_files=off --write_settings_files=off cpu -c cpu --timing_analysis_only



